<?xml version="1.0" encoding="UTF-8" ?>
<testsuite tests="21" failures="0" name="fundstransfer.test.RunCukesTest" time="0.787" errors="6" skipped="15">
  <properties>
    <property name="java.runtime.name" value="Java(TM) SE Runtime Environment"/>
    <property name="sun.boot.library.path" value="C:\Program Files\Java\jre1.8.0_25\bin"/>
    <property name="java.vm.version" value="25.25-b02"/>
    <property name="java.vm.vendor" value="Oracle Corporation"/>
    <property name="java.vendor.url" value="http://java.oracle.com/"/>
    <property name="path.separator" value=";"/>
    <property name="guice.disable.misplaced.annotation.check" value="true"/>
    <property name="java.vm.name" value="Java HotSpot(TM) 64-Bit Server VM"/>
    <property name="file.encoding.pkg" value="sun.io"/>
    <property name="user.script" value=""/>
    <property name="user.country" value="US"/>
    <property name="sun.java.launcher" value="SUN_STANDARD"/>
    <property name="sun.os.patch.level" value=""/>
    <property name="java.vm.specification.name" value="Java Virtual Machine Specification"/>
    <property name="user.dir" value="C:\codebase\Scratch\FT_JVM\FundsTransfer"/>
    <property name="java.runtime.version" value="1.8.0_25-b18"/>
    <property name="java.awt.graphicsenv" value="sun.awt.Win32GraphicsEnvironment"/>
    <property name="java.endorsed.dirs" value="C:\Program Files\Java\jre1.8.0_25\lib\endorsed"/>
    <property name="os.arch" value="amd64"/>
    <property name="java.io.tmpdir" value="C:\Users\Jim\AppData\Local\Temp\"/>
    <property name="line.separator" value="
"/>
    <property name="java.vm.specification.vendor" value="Oracle Corporation"/>
    <property name="user.variant" value=""/>
    <property name="os.name" value="Windows 8.1"/>
    <property name="classworlds.conf" value="C:\codebase\Scratch\FT_JVM\.metadata\.plugins\org.eclipse.m2e.launching\launches\m2conf4587755338842748299.tmp"/>
    <property name="sun.jnu.encoding" value="Cp1252"/>
    <property name="java.library.path" value="C:\Program Files\Java\jre1.8.0_25\bin;C:\Windows\Sun\Java\bin;C:\Windows\system32;C:\Windows;C:/Program Files/Java/jre1.8.0_25/bin/server;C:/Program Files/Java/jre1.8.0_25/bin;C:/Program Files/Java/jre1.8.0_25/lib/amd64;C:\ProgramData\Oracle\Java\javapath;C:\Windows\system32;C:\Windows;C:\Windows\System32\Wbem;C:\Windows\System32\WindowsPowerShell\v1.0\;C:\Program Files (x86)\Windows Kits\8.1\Windows Performance Toolkit\;C:\Program Files\Microsoft SQL Server\110\Tools\Binn\;C:\Program Files\Java\jdk1.8.0_25\bin;C:\Program Files (x86)\Git\bin;C:\Program Files (x86)\Microsoft SDKs\TypeScript\1.0\;C:\Program Files\eclipse;;."/>
    <property name="java.specification.name" value="Java Platform API Specification"/>
    <property name="java.class.version" value="52.0"/>
    <property name="sun.management.compiler" value="HotSpot 64-Bit Tiered Compilers"/>
    <property name="os.version" value="6.3"/>
    <property name="user.home" value="C:\Users\Jim"/>
    <property name="user.timezone" value="America/Denver"/>
    <property name="java.awt.printerjob" value="sun.awt.windows.WPrinterJob"/>
    <property name="java.specification.version" value="1.8"/>
    <property name="file.encoding" value="Cp1252"/>
    <property name="user.name" value="Jim"/>
    <property name="java.class.path" value="/C:/Program Files/eclipse/plugins/org.eclipse.m2e.maven.runtime_1.5.0.20140605-2032/jars/plexus-classworlds-2.5.1.jar"/>
    <property name="org.slf4j.simpleLogger.defaultLogLevel" value="info"/>
    <property name="java.vm.specification.version" value="1.8"/>
    <property name="sun.arch.data.model" value="64"/>
    <property name="java.home" value="C:\Program Files\Java\jre1.8.0_25"/>
    <property name="sun.java.command" value="org.codehaus.plexus.classworlds.launcher.Launcher -B test"/>
    <property name="java.specification.vendor" value="Oracle Corporation"/>
    <property name="user.language" value="en"/>
    <property name="awt.toolkit" value="sun.awt.windows.WToolkit"/>
    <property name="java.vm.info" value="mixed mode"/>
    <property name="java.version" value="1.8.0_25"/>
    <property name="java.ext.dirs" value="C:\Program Files\Java\jre1.8.0_25\lib\ext;C:\Windows\Sun\Java\lib\ext"/>
    <property name="sun.boot.class.path" value="C:\Program Files\Java\jre1.8.0_25\lib\resources.jar;C:\Program Files\Java\jre1.8.0_25\lib\rt.jar;C:\Program Files\Java\jre1.8.0_25\lib\sunrsasign.jar;C:\Program Files\Java\jre1.8.0_25\lib\jsse.jar;C:\Program Files\Java\jre1.8.0_25\lib\jce.jar;C:\Program Files\Java\jre1.8.0_25\lib\charsets.jar;C:\Program Files\Java\jre1.8.0_25\lib\jfr.jar;C:\Program Files\Java\jre1.8.0_25\classes"/>
    <property name="java.vendor" value="Oracle Corporation"/>
    <property name="maven.home" value="C:\codebase\Scratch\FT_JVM\FundsTransfer\EMBEDDED"/>
    <property name="file.separator" value="\"/>
    <property name="java.vendor.url.bug" value="http://bugreport.sun.com/bugreport/"/>
    <property name="sun.cpu.endian" value="little"/>
    <property name="sun.io.unicode.encoding" value="UnicodeLittle"/>
    <property name="sun.desktop" value="windows"/>
    <property name="sun.cpu.isalist" value="amd64"/>
  </properties>
  <testcase classname="Scenario: Valid Payee  " name="Scenario: Valid Payee  " time="0.064">
    <error message="The path to the driver executable must be set by the webdriver.chrome.driver system property; for more information, see http://code.google.com/p/selenium/wiki/ChromeDriver. The latest version can be downloaded from http://code.google.com/p/chromedriver/downloads/list" type="java.lang.IllegalStateException">java.lang.IllegalStateException: The path to the driver executable must be set by the webdriver.chrome.driver system property; for more information, see http://code.google.com/p/selenium/wiki/ChromeDriver. The latest version can be downloaded from http://code.google.com/p/chromedriver/downloads/list
	at com.google.common.base.Preconditions.checkState(Preconditions.java:176)
	at org.openqa.selenium.remote.service.DriverService.findExecutable(DriverService.java:105)
	at org.openqa.selenium.chrome.ChromeDriverService.createDefaultService(ChromeDriverService.java:69)
	at org.openqa.selenium.chrome.ChromeDriver.&lt;init&gt;(ChromeDriver.java:107)
	at fundstransfer.test.FundsTransferStepDefs.setUp(FundsTransferStepDefs.java:18)
	at sun.reflect.NativeMethodAccessorImpl.invoke0(Native Method)
	at sun.reflect.NativeMethodAccessorImpl.invoke(Unknown Source)
	at sun.reflect.DelegatingMethodAccessorImpl.invoke(Unknown Source)
	at java.lang.reflect.Method.invoke(Unknown Source)
	at cucumber.runtime.Utils$1.call(Utils.java:40)
	at cucumber.runtime.Timeout.timeout(Timeout.java:12)
	at cucumber.runtime.Utils.invoke(Utils.java:36)
	at cucumber.runtime.java.JavaHookDefinition.execute(JavaHookDefinition.java:59)
	at cucumber.runtime.Runtime.runHookIfTagsMatch(Runtime.java:192)
	at cucumber.runtime.Runtime.runHooks(Runtime.java:184)
	at cucumber.runtime.Runtime.runBeforeHooks(Runtime.java:175)
	at cucumber.runtime.model.CucumberScenario.run(CucumberScenario.java:32)
	at cucumber.junit.ExecutionUnitRunner.run(ExecutionUnitRunner.java:76)
	at cucumber.junit.FeatureRunner.runChild(FeatureRunner.java:65)
	at cucumber.junit.FeatureRunner.runChild(FeatureRunner.java:20)
	at org.junit.runners.ParentRunner$3.run(ParentRunner.java:231)
	at org.junit.runners.ParentRunner$1.schedule(ParentRunner.java:60)
	at org.junit.runners.ParentRunner.runChildren(ParentRunner.java:229)
	at org.junit.runners.ParentRunner.access$000(ParentRunner.java:50)
	at org.junit.runners.ParentRunner$2.evaluate(ParentRunner.java:222)
	at org.junit.runners.ParentRunner.run(ParentRunner.java:300)
	at cucumber.junit.FeatureRunner.run(FeatureRunner.java:72)
	at cucumber.junit.Cucumber.runChild(Cucumber.java:76)
	at cucumber.junit.Cucumber.runChild(Cucumber.java:36)
	at org.junit.runners.ParentRunner$3.run(ParentRunner.java:231)
	at org.junit.runners.ParentRunner$1.schedule(ParentRunner.java:60)
	at org.junit.runners.ParentRunner.runChildren(ParentRunner.java:229)
	at org.junit.runners.ParentRunner.access$000(ParentRunner.java:50)
	at org.junit.runners.ParentRunner$2.evaluate(ParentRunner.java:222)
	at org.junit.runners.ParentRunner.run(ParentRunner.java:300)
	at cucumber.junit.Cucumber.run(Cucumber.java:81)
	at org.apache.maven.surefire.junit4.JUnit4Provider.execute(JUnit4Provider.java:252)
	at org.apache.maven.surefire.junit4.JUnit4Provider.executeTestSet(JUnit4Provider.java:141)
	at org.apache.maven.surefire.junit4.JUnit4Provider.invoke(JUnit4Provider.java:112)
	at sun.reflect.NativeMethodAccessorImpl.invoke0(Native Method)
	at sun.reflect.NativeMethodAccessorImpl.invoke(Unknown Source)
	at sun.reflect.DelegatingMethodAccessorImpl.invoke(Unknown Source)
	at java.lang.reflect.Method.invoke(Unknown Source)
	at org.apache.maven.surefire.util.ReflectionUtils.invokeMethodWithArray(ReflectionUtils.java:189)
	at org.apache.maven.surefire.booter.ProviderFactory$ProviderProxy.invoke(ProviderFactory.java:165)
	at org.apache.maven.surefire.booter.ProviderFactory.invokeProvider(ProviderFactory.java:85)
	at org.apache.maven.surefire.booter.ForkedBooter.runSuitesInProcess(ForkedBooter.java:115)
	at org.apache.maven.surefire.booter.ForkedBooter.main(ForkedBooter.java:75)
</error>
    <system-out>Feature: Customer Transfer&apos;s Fund
  As a customer,
  I want to transfer funds
  so that I can send money to my friends and family
</system-out>
  </testcase>
  <testcase classname="Given the user is on Fund Transfer Page   " name="Given the user is on Fund Transfer Page   " time="0.068">
    <skipped/>
    <system-out>
  Scenario: Valid Payee                                                                             &amp;#27;[90m# fundstransfer\test\fundstransfer.feature:7&amp;#27;[0m
    &amp;#27;[90mGiven &amp;#27;[0m&amp;#27;[90mthe user is on Fund Transfer Page&amp;#27;[0m                                                         &amp;#27;[90m# FundsTransferStepDefs.The_user_is_on_fund_transfer_page()&amp;#27;[0m
</system-out>
  </testcase>
  <testcase classname="When he enters &quot;Jim&quot; as payee name    " name="When he enters &quot;Jim&quot; as payee name    " time="0.078">
    <skipped/>
    <system-out>&amp;#27;[1A    &amp;#27;[36mGiven &amp;#27;[0m&amp;#27;[36mthe user is on Fund Transfer Page&amp;#27;[0m                                                         &amp;#27;[90m# FundsTransferStepDefs.The_user_is_on_fund_transfer_page()&amp;#27;[0m
    &amp;#27;[90mWhen &amp;#27;[0m&amp;#27;[90mhe enters &quot;&amp;#27;[0m&amp;#27;[90m&amp;#27;[1mJim&amp;#27;[0m&amp;#27;[90m&quot; as payee name&amp;#27;[0m                                                              &amp;#27;[90m# FundsTransferStepDefs.He_enters_payee_name(String)&amp;#27;[0m
</system-out>
  </testcase>
  <testcase classname="And he enters &quot;100&quot; as amount     " name="And he enters &quot;100&quot; as amount     " time="0.079">
    <skipped/>
    <system-out>&amp;#27;[1A    &amp;#27;[36mWhen &amp;#27;[0m&amp;#27;[36mhe enters &quot;&amp;#27;[0m&amp;#27;[36m&amp;#27;[1mJim&amp;#27;[0m&amp;#27;[36m&quot; as payee name&amp;#27;[0m                                                              &amp;#27;[90m# FundsTransferStepDefs.He_enters_payee_name(String)&amp;#27;[0m
    &amp;#27;[90mAnd &amp;#27;[0m&amp;#27;[90mhe enters &quot;&amp;#27;[0m&amp;#27;[90m&amp;#27;[1m100&amp;#27;[0m&amp;#27;[90m&quot; as amount&amp;#27;[0m                                                                   &amp;#27;[90m# FundsTransferStepDefs.He_enters_amount(String)&amp;#27;[0m
</system-out>
  </testcase>
  <testcase classname="And he Submits request for Fund Transfer      " name="And he Submits request for Fund Transfer      " time="0.079">
    <skipped/>
    <system-out>&amp;#27;[1A    &amp;#27;[36mAnd &amp;#27;[0m&amp;#27;[36mhe enters &quot;&amp;#27;[0m&amp;#27;[36m&amp;#27;[1m100&amp;#27;[0m&amp;#27;[36m&quot; as amount&amp;#27;[0m                                                                   &amp;#27;[90m# FundsTransferStepDefs.He_enters_amount(String)&amp;#27;[0m
    &amp;#27;[90mAnd &amp;#27;[0m&amp;#27;[90mhe Submits request for Fund Transfer&amp;#27;[0m                                                        &amp;#27;[90m# FundsTransferStepDefs.He_submits_request_for_fund_transfer()&amp;#27;[0m
</system-out>
  </testcase>
  <testcase classname="Then ensure the fund transfer is complete with &quot;$100 transferred successfully to Jim!!&quot; message       " name="Then ensure the fund transfer is complete with &quot;$100 transferred successfully to Jim!!&quot; message       " time="0.08">
    <skipped/>
    <system-out>&amp;#27;[1A    &amp;#27;[36mAnd &amp;#27;[0m&amp;#27;[36mhe Submits request for Fund Transfer&amp;#27;[0m                                                        &amp;#27;[90m# FundsTransferStepDefs.He_submits_request_for_fund_transfer()&amp;#27;[0m
    &amp;#27;[90mThen &amp;#27;[0m&amp;#27;[90mensure the fund transfer is complete with &quot;&amp;#27;[0m&amp;#27;[90m&amp;#27;[1m$100 transferred successfully to Jim!!&amp;#27;[0m&amp;#27;[90m&quot; message&amp;#27;[0m &amp;#27;[90m# FundsTransferStepDefs.Ensure_the_fund_transfer_is_complete(String)&amp;#27;[0m
</system-out>
  </testcase>
  <testcase classname="Scenario: Valid Payee  " name="Scenario: Valid Payee  " time="0.08">
    <error type="java.lang.NullPointerException">java.lang.NullPointerException
	at fundstransfer.test.FundsTransferStepDefs.tearDown(FundsTransferStepDefs.java:55)
	at sun.reflect.NativeMethodAccessorImpl.invoke0(Native Method)
	at sun.reflect.NativeMethodAccessorImpl.invoke(Unknown Source)
	at sun.reflect.DelegatingMethodAccessorImpl.invoke(Unknown Source)
	at java.lang.reflect.Method.invoke(Unknown Source)
	at cucumber.runtime.Utils$1.call(Utils.java:40)
	at cucumber.runtime.Timeout.timeout(Timeout.java:12)
	at cucumber.runtime.Utils.invoke(Utils.java:36)
	at cucumber.runtime.java.JavaHookDefinition.execute(JavaHookDefinition.java:59)
	at cucumber.runtime.Runtime.runHookIfTagsMatch(Runtime.java:192)
	at cucumber.runtime.Runtime.runHooks(Runtime.java:184)
	at cucumber.runtime.Runtime.runAfterHooks(Runtime.java:179)
	at cucumber.runtime.model.CucumberScenario.run(CucumberScenario.java:38)
	at cucumber.junit.ExecutionUnitRunner.run(ExecutionUnitRunner.java:76)
	at cucumber.junit.FeatureRunner.runChild(FeatureRunner.java:65)
	at cucumber.junit.FeatureRunner.runChild(FeatureRunner.java:20)
	at org.junit.runners.ParentRunner$3.run(ParentRunner.java:231)
	at org.junit.runners.ParentRunner$1.schedule(ParentRunner.java:60)
	at org.junit.runners.ParentRunner.runChildren(ParentRunner.java:229)
	at org.junit.runners.ParentRunner.access$000(ParentRunner.java:50)
	at org.junit.runners.ParentRunner$2.evaluate(ParentRunner.java:222)
	at org.junit.runners.ParentRunner.run(ParentRunner.java:300)
	at cucumber.junit.FeatureRunner.run(FeatureRunner.java:72)
	at cucumber.junit.Cucumber.runChild(Cucumber.java:76)
	at cucumber.junit.Cucumber.runChild(Cucumber.java:36)
	at org.junit.runners.ParentRunner$3.run(ParentRunner.java:231)
	at org.junit.runners.ParentRunner$1.schedule(ParentRunner.java:60)
	at org.junit.runners.ParentRunner.runChildren(ParentRunner.java:229)
	at org.junit.runners.ParentRunner.access$000(ParentRunner.java:50)
	at org.junit.runners.ParentRunner$2.evaluate(ParentRunner.java:222)
	at org.junit.runners.ParentRunner.run(ParentRunner.java:300)
	at cucumber.junit.Cucumber.run(Cucumber.java:81)
	at org.apache.maven.surefire.junit4.JUnit4Provider.execute(JUnit4Provider.java:252)
	at org.apache.maven.surefire.junit4.JUnit4Provider.executeTestSet(JUnit4Provider.java:141)
	at org.apache.maven.surefire.junit4.JUnit4Provider.invoke(JUnit4Provider.java:112)
	at sun.reflect.NativeMethodAccessorImpl.invoke0(Native Method)
	at sun.reflect.NativeMethodAccessorImpl.invoke(Unknown Source)
	at sun.reflect.DelegatingMethodAccessorImpl.invoke(Unknown Source)
	at java.lang.reflect.Method.invoke(Unknown Source)
	at org.apache.maven.surefire.util.ReflectionUtils.invokeMethodWithArray(ReflectionUtils.java:189)
	at org.apache.maven.surefire.booter.ProviderFactory$ProviderProxy.invoke(ProviderFactory.java:165)
	at org.apache.maven.surefire.booter.ProviderFactory.invokeProvider(ProviderFactory.java:85)
	at org.apache.maven.surefire.booter.ForkedBooter.runSuitesInProcess(ForkedBooter.java:115)
	at org.apache.maven.surefire.booter.ForkedBooter.main(ForkedBooter.java:75)
</error>
    <system-out>&amp;#27;[1A    &amp;#27;[36mThen &amp;#27;[0m&amp;#27;[36mensure the fund transfer is complete with &quot;&amp;#27;[0m&amp;#27;[36m&amp;#27;[1m$100 transferred successfully to Jim!!&amp;#27;[0m&amp;#27;[36m&quot; message&amp;#27;[0m &amp;#27;[90m# FundsTransferStepDefs.Ensure_the_fund_transfer_is_complete(String)&amp;#27;[0m
</system-out>
  </testcase>
  <testcase classname="Scenario: Invalid Payee        " name="Scenario: Invalid Payee        " time="0.007">
    <error message="The path to the driver executable must be set by the webdriver.chrome.driver system property; for more information, see http://code.google.com/p/selenium/wiki/ChromeDriver. The latest version can be downloaded from http://code.google.com/p/chromedriver/downloads/list" type="java.lang.IllegalStateException">java.lang.IllegalStateException: The path to the driver executable must be set by the webdriver.chrome.driver system property; for more information, see http://code.google.com/p/selenium/wiki/ChromeDriver. The latest version can be downloaded from http://code.google.com/p/chromedriver/downloads/list
	at com.google.common.base.Preconditions.checkState(Preconditions.java:176)
	at org.openqa.selenium.remote.service.DriverService.findExecutable(DriverService.java:105)
	at org.openqa.selenium.chrome.ChromeDriverService.createDefaultService(ChromeDriverService.java:69)
	at org.openqa.selenium.chrome.ChromeDriver.&lt;init&gt;(ChromeDriver.java:107)
	at fundstransfer.test.FundsTransferStepDefs.setUp(FundsTransferStepDefs.java:18)
	at sun.reflect.NativeMethodAccessorImpl.invoke0(Native Method)
	at sun.reflect.NativeMethodAccessorImpl.invoke(Unknown Source)
	at sun.reflect.DelegatingMethodAccessorImpl.invoke(Unknown Source)
	at java.lang.reflect.Method.invoke(Unknown Source)
	at cucumber.runtime.Utils$1.call(Utils.java:40)
	at cucumber.runtime.Timeout.timeout(Timeout.java:12)
	at cucumber.runtime.Utils.invoke(Utils.java:36)
	at cucumber.runtime.java.JavaHookDefinition.execute(JavaHookDefinition.java:59)
	at cucumber.runtime.Runtime.runHookIfTagsMatch(Runtime.java:192)
	at cucumber.runtime.Runtime.runHooks(Runtime.java:184)
	at cucumber.runtime.Runtime.runBeforeHooks(Runtime.java:175)
	at cucumber.runtime.model.CucumberScenario.run(CucumberScenario.java:32)
	at cucumber.junit.ExecutionUnitRunner.run(ExecutionUnitRunner.java:76)
	at cucumber.junit.FeatureRunner.runChild(FeatureRunner.java:65)
	at cucumber.junit.FeatureRunner.runChild(FeatureRunner.java:20)
	at org.junit.runners.ParentRunner$3.run(ParentRunner.java:231)
	at org.junit.runners.ParentRunner$1.schedule(ParentRunner.java:60)
	at org.junit.runners.ParentRunner.runChildren(ParentRunner.java:229)
	at org.junit.runners.ParentRunner.access$000(ParentRunner.java:50)
	at org.junit.runners.ParentRunner$2.evaluate(ParentRunner.java:222)
	at org.junit.runners.ParentRunner.run(ParentRunner.java:300)
	at cucumber.junit.FeatureRunner.run(FeatureRunner.java:72)
	at cucumber.junit.Cucumber.runChild(Cucumber.java:76)
	at cucumber.junit.Cucumber.runChild(Cucumber.java:36)
	at org.junit.runners.ParentRunner$3.run(ParentRunner.java:231)
	at org.junit.runners.ParentRunner$1.schedule(ParentRunner.java:60)
	at org.junit.runners.ParentRunner.runChildren(ParentRunner.java:229)
	at org.junit.runners.ParentRunner.access$000(ParentRunner.java:50)
	at org.junit.runners.ParentRunner$2.evaluate(ParentRunner.java:222)
	at org.junit.runners.ParentRunner.run(ParentRunner.java:300)
	at cucumber.junit.Cucumber.run(Cucumber.java:81)
	at org.apache.maven.surefire.junit4.JUnit4Provider.execute(JUnit4Provider.java:252)
	at org.apache.maven.surefire.junit4.JUnit4Provider.executeTestSet(JUnit4Provider.java:141)
	at org.apache.maven.surefire.junit4.JUnit4Provider.invoke(JUnit4Provider.java:112)
	at sun.reflect.NativeMethodAccessorImpl.invoke0(Native Method)
	at sun.reflect.NativeMethodAccessorImpl.invoke(Unknown Source)
	at sun.reflect.DelegatingMethodAccessorImpl.invoke(Unknown Source)
	at java.lang.reflect.Method.invoke(Unknown Source)
	at org.apache.maven.surefire.util.ReflectionUtils.invokeMethodWithArray(ReflectionUtils.java:189)
	at org.apache.maven.surefire.booter.ProviderFactory$ProviderProxy.invoke(ProviderFactory.java:165)
	at org.apache.maven.surefire.booter.ProviderFactory.invokeProvider(ProviderFactory.java:85)
	at org.apache.maven.surefire.booter.ForkedBooter.runSuitesInProcess(ForkedBooter.java:115)
	at org.apache.maven.surefire.booter.ForkedBooter.main(ForkedBooter.java:75)
</error>
  </testcase>
  <testcase classname="Given the user is on Fund Transfer Page         " name="Given the user is on Fund Transfer Page         " time="0.019">
    <skipped/>
    <system-out>
  Scenario: Invalid Payee                                                                                                      &amp;#27;[90m# fundstransfer\test\fundstransfer.feature:14&amp;#27;[0m
    &amp;#27;[90mGiven &amp;#27;[0m&amp;#27;[90mthe user is on Fund Transfer Page&amp;#27;[0m                                                                                    &amp;#27;[90m# FundsTransferStepDefs.The_user_is_on_fund_transfer_page()&amp;#27;[0m
</system-out>
  </testcase>
  <testcase classname="When he enters &quot;Jack&quot; as payee name          " name="When he enters &quot;Jack&quot; as payee name          " time="0.028">
    <skipped/>
    <system-out>&amp;#27;[1A    &amp;#27;[36mGiven &amp;#27;[0m&amp;#27;[36mthe user is on Fund Transfer Page&amp;#27;[0m                                                                                    &amp;#27;[90m# FundsTransferStepDefs.The_user_is_on_fund_transfer_page()&amp;#27;[0m
    &amp;#27;[90mWhen &amp;#27;[0m&amp;#27;[90mhe enters &quot;&amp;#27;[0m&amp;#27;[90m&amp;#27;[1mJack&amp;#27;[0m&amp;#27;[90m&quot; as payee name&amp;#27;[0m                                                                                        &amp;#27;[90m# FundsTransferStepDefs.He_enters_payee_name(String)&amp;#27;[0m
</system-out>
  </testcase>
  <testcase classname="And he enters &quot;100&quot; as amount           " name="And he enters &quot;100&quot; as amount           " time="0.029">
    <skipped/>
    <system-out>&amp;#27;[1A    &amp;#27;[36mWhen &amp;#27;[0m&amp;#27;[36mhe enters &quot;&amp;#27;[0m&amp;#27;[36m&amp;#27;[1mJack&amp;#27;[0m&amp;#27;[36m&quot; as payee name&amp;#27;[0m                                                                                        &amp;#27;[90m# FundsTransferStepDefs.He_enters_payee_name(String)&amp;#27;[0m
    &amp;#27;[90mAnd &amp;#27;[0m&amp;#27;[90mhe enters &quot;&amp;#27;[0m&amp;#27;[90m&amp;#27;[1m100&amp;#27;[0m&amp;#27;[90m&quot; as amount&amp;#27;[0m                                                                                              &amp;#27;[90m# FundsTransferStepDefs.He_enters_amount(String)&amp;#27;[0m
</system-out>
  </testcase>
  <testcase classname="And he Submits request for Fund Transfer            " name="And he Submits request for Fund Transfer            " time="0.035">
    <skipped/>
    <system-out>&amp;#27;[1A    &amp;#27;[36mAnd &amp;#27;[0m&amp;#27;[36mhe enters &quot;&amp;#27;[0m&amp;#27;[36m&amp;#27;[1m100&amp;#27;[0m&amp;#27;[36m&quot; as amount&amp;#27;[0m                                                                                              &amp;#27;[90m# FundsTransferStepDefs.He_enters_amount(String)&amp;#27;[0m
    &amp;#27;[90mAnd &amp;#27;[0m&amp;#27;[90mhe Submits request for Fund Transfer&amp;#27;[0m                                                                                   &amp;#27;[90m# FundsTransferStepDefs.He_submits_request_for_fund_transfer()&amp;#27;[0m
</system-out>
  </testcase>
  <testcase classname="Then ensure a transaction failure message &quot;Transfer failed!! &apos;Jack&apos; is not registered in your List of Payees&quot; is displayed             " name="Then ensure a transaction failure message &quot;Transfer failed!! &apos;Jack&apos; is not registered in your List of Payees&quot; is displayed             " time="0.041">
    <skipped/>
    <system-out>&amp;#27;[1A    &amp;#27;[36mAnd &amp;#27;[0m&amp;#27;[36mhe Submits request for Fund Transfer&amp;#27;[0m                                                                                   &amp;#27;[90m# FundsTransferStepDefs.He_submits_request_for_fund_transfer()&amp;#27;[0m
    &amp;#27;[90mThen &amp;#27;[0m&amp;#27;[90mensure a transaction failure message &quot;&amp;#27;[0m&amp;#27;[90m&amp;#27;[1mTransfer failed!! &apos;Jack&apos; is not registered in your List of Payees&amp;#27;[0m&amp;#27;[90m&quot; is displayed&amp;#27;[0m &amp;#27;[90m# FundsTransferStepDefs.Ensure_a_transaction_failure_message(String)&amp;#27;[0m
</system-out>
  </testcase>
  <testcase classname="Scenario: Invalid Payee        " name="Scenario: Invalid Payee        " time="0.042">
    <error type="java.lang.NullPointerException">java.lang.NullPointerException
	at fundstransfer.test.FundsTransferStepDefs.tearDown(FundsTransferStepDefs.java:55)
	at sun.reflect.NativeMethodAccessorImpl.invoke0(Native Method)
	at sun.reflect.NativeMethodAccessorImpl.invoke(Unknown Source)
	at sun.reflect.DelegatingMethodAccessorImpl.invoke(Unknown Source)
	at java.lang.reflect.Method.invoke(Unknown Source)
	at cucumber.runtime.Utils$1.call(Utils.java:40)
	at cucumber.runtime.Timeout.timeout(Timeout.java:12)
	at cucumber.runtime.Utils.invoke(Utils.java:36)
	at cucumber.runtime.java.JavaHookDefinition.execute(JavaHookDefinition.java:59)
	at cucumber.runtime.Runtime.runHookIfTagsMatch(Runtime.java:192)
	at cucumber.runtime.Runtime.runHooks(Runtime.java:184)
	at cucumber.runtime.Runtime.runAfterHooks(Runtime.java:179)
	at cucumber.runtime.model.CucumberScenario.run(CucumberScenario.java:38)
	at cucumber.junit.ExecutionUnitRunner.run(ExecutionUnitRunner.java:76)
	at cucumber.junit.FeatureRunner.runChild(FeatureRunner.java:65)
	at cucumber.junit.FeatureRunner.runChild(FeatureRunner.java:20)
	at org.junit.runners.ParentRunner$3.run(ParentRunner.java:231)
	at org.junit.runners.ParentRunner$1.schedule(ParentRunner.java:60)
	at org.junit.runners.ParentRunner.runChildren(ParentRunner.java:229)
	at org.junit.runners.ParentRunner.access$000(ParentRunner.java:50)
	at org.junit.runners.ParentRunner$2.evaluate(ParentRunner.java:222)
	at org.junit.runners.ParentRunner.run(ParentRunner.java:300)
	at cucumber.junit.FeatureRunner.run(FeatureRunner.java:72)
	at cucumber.junit.Cucumber.runChild(Cucumber.java:76)
	at cucumber.junit.Cucumber.runChild(Cucumber.java:36)
	at org.junit.runners.ParentRunner$3.run(ParentRunner.java:231)
	at org.junit.runners.ParentRunner$1.schedule(ParentRunner.java:60)
	at org.junit.runners.ParentRunner.runChildren(ParentRunner.java:229)
	at org.junit.runners.ParentRunner.access$000(ParentRunner.java:50)
	at org.junit.runners.ParentRunner$2.evaluate(ParentRunner.java:222)
	at org.junit.runners.ParentRunner.run(ParentRunner.java:300)
	at cucumber.junit.Cucumber.run(Cucumber.java:81)
	at org.apache.maven.surefire.junit4.JUnit4Provider.execute(JUnit4Provider.java:252)
	at org.apache.maven.surefire.junit4.JUnit4Provider.executeTestSet(JUnit4Provider.java:141)
	at org.apache.maven.surefire.junit4.JUnit4Provider.invoke(JUnit4Provider.java:112)
	at sun.reflect.NativeMethodAccessorImpl.invoke0(Native Method)
	at sun.reflect.NativeMethodAccessorImpl.invoke(Unknown Source)
	at sun.reflect.DelegatingMethodAccessorImpl.invoke(Unknown Source)
	at java.lang.reflect.Method.invoke(Unknown Source)
	at org.apache.maven.surefire.util.ReflectionUtils.invokeMethodWithArray(ReflectionUtils.java:189)
	at org.apache.maven.surefire.booter.ProviderFactory$ProviderProxy.invoke(ProviderFactory.java:165)
	at org.apache.maven.surefire.booter.ProviderFactory.invokeProvider(ProviderFactory.java:85)
	at org.apache.maven.surefire.booter.ForkedBooter.runSuitesInProcess(ForkedBooter.java:115)
	at org.apache.maven.surefire.booter.ForkedBooter.main(ForkedBooter.java:75)
</error>
    <system-out>&amp;#27;[1A    &amp;#27;[36mThen &amp;#27;[0m&amp;#27;[36mensure a transaction failure message &quot;&amp;#27;[0m&amp;#27;[36m&amp;#27;[1mTransfer failed!! &apos;Jack&apos; is not registered in your List of Payees&amp;#27;[0m&amp;#27;[36m&quot; is displayed&amp;#27;[0m &amp;#27;[90m# FundsTransferStepDefs.Ensure_a_transaction_failure_message(String)&amp;#27;[0m
</system-out>
  </testcase>
  <testcase classname="Scenario: Account is overdrawn past the overdraft limit              " name="Scenario: Account is overdrawn past the overdraft limit              " time="0.002">
    <error message="The path to the driver executable must be set by the webdriver.chrome.driver system property; for more information, see http://code.google.com/p/selenium/wiki/ChromeDriver. The latest version can be downloaded from http://code.google.com/p/chromedriver/downloads/list" type="java.lang.IllegalStateException">java.lang.IllegalStateException: The path to the driver executable must be set by the webdriver.chrome.driver system property; for more information, see http://code.google.com/p/selenium/wiki/ChromeDriver. The latest version can be downloaded from http://code.google.com/p/chromedriver/downloads/list
	at com.google.common.base.Preconditions.checkState(Preconditions.java:176)
	at org.openqa.selenium.remote.service.DriverService.findExecutable(DriverService.java:105)
	at org.openqa.selenium.chrome.ChromeDriverService.createDefaultService(ChromeDriverService.java:69)
	at org.openqa.selenium.chrome.ChromeDriver.&lt;init&gt;(ChromeDriver.java:107)
	at fundstransfer.test.FundsTransferStepDefs.setUp(FundsTransferStepDefs.java:18)
	at sun.reflect.NativeMethodAccessorImpl.invoke0(Native Method)
	at sun.reflect.NativeMethodAccessorImpl.invoke(Unknown Source)
	at sun.reflect.DelegatingMethodAccessorImpl.invoke(Unknown Source)
	at java.lang.reflect.Method.invoke(Unknown Source)
	at cucumber.runtime.Utils$1.call(Utils.java:40)
	at cucumber.runtime.Timeout.timeout(Timeout.java:12)
	at cucumber.runtime.Utils.invoke(Utils.java:36)
	at cucumber.runtime.java.JavaHookDefinition.execute(JavaHookDefinition.java:59)
	at cucumber.runtime.Runtime.runHookIfTagsMatch(Runtime.java:192)
	at cucumber.runtime.Runtime.runHooks(Runtime.java:184)
	at cucumber.runtime.Runtime.runBeforeHooks(Runtime.java:175)
	at cucumber.runtime.model.CucumberScenario.run(CucumberScenario.java:32)
	at cucumber.junit.ExecutionUnitRunner.run(ExecutionUnitRunner.java:76)
	at cucumber.junit.FeatureRunner.runChild(FeatureRunner.java:65)
	at cucumber.junit.FeatureRunner.runChild(FeatureRunner.java:20)
	at org.junit.runners.ParentRunner$3.run(ParentRunner.java:231)
	at org.junit.runners.ParentRunner$1.schedule(ParentRunner.java:60)
	at org.junit.runners.ParentRunner.runChildren(ParentRunner.java:229)
	at org.junit.runners.ParentRunner.access$000(ParentRunner.java:50)
	at org.junit.runners.ParentRunner$2.evaluate(ParentRunner.java:222)
	at org.junit.runners.ParentRunner.run(ParentRunner.java:300)
	at cucumber.junit.FeatureRunner.run(FeatureRunner.java:72)
	at cucumber.junit.Cucumber.runChild(Cucumber.java:76)
	at cucumber.junit.Cucumber.runChild(Cucumber.java:36)
	at org.junit.runners.ParentRunner$3.run(ParentRunner.java:231)
	at org.junit.runners.ParentRunner$1.schedule(ParentRunner.java:60)
	at org.junit.runners.ParentRunner.runChildren(ParentRunner.java:229)
	at org.junit.runners.ParentRunner.access$000(ParentRunner.java:50)
	at org.junit.runners.ParentRunner$2.evaluate(ParentRunner.java:222)
	at org.junit.runners.ParentRunner.run(ParentRunner.java:300)
	at cucumber.junit.Cucumber.run(Cucumber.java:81)
	at org.apache.maven.surefire.junit4.JUnit4Provider.execute(JUnit4Provider.java:252)
	at org.apache.maven.surefire.junit4.JUnit4Provider.executeTestSet(JUnit4Provider.java:141)
	at org.apache.maven.surefire.junit4.JUnit4Provider.invoke(JUnit4Provider.java:112)
	at sun.reflect.NativeMethodAccessorImpl.invoke0(Native Method)
	at sun.reflect.NativeMethodAccessorImpl.invoke(Unknown Source)
	at sun.reflect.DelegatingMethodAccessorImpl.invoke(Unknown Source)
	at java.lang.reflect.Method.invoke(Unknown Source)
	at org.apache.maven.surefire.util.ReflectionUtils.invokeMethodWithArray(ReflectionUtils.java:189)
	at org.apache.maven.surefire.booter.ProviderFactory$ProviderProxy.invoke(ProviderFactory.java:165)
	at org.apache.maven.surefire.booter.ProviderFactory.invokeProvider(ProviderFactory.java:85)
	at org.apache.maven.surefire.booter.ForkedBooter.runSuitesInProcess(ForkedBooter.java:115)
	at org.apache.maven.surefire.booter.ForkedBooter.main(ForkedBooter.java:75)
</error>
  </testcase>
  <testcase classname="Given the user is on Fund Transfer Page               " name="Given the user is on Fund Transfer Page               " time="0.005">
    <skipped/>
    <system-out>
  Scenario: Account is overdrawn past the overdraft limit                                                  &amp;#27;[90m# fundstransfer\test\fundstransfer.feature:21&amp;#27;[0m
    &amp;#27;[90mGiven &amp;#27;[0m&amp;#27;[90mthe user is on Fund Transfer Page&amp;#27;[0m                                                                &amp;#27;[90m# FundsTransferStepDefs.The_user_is_on_fund_transfer_page()&amp;#27;[0m
</system-out>
  </testcase>
  <testcase classname="When he enters &quot;Tim&quot; as payee name                " name="When he enters &quot;Tim&quot; as payee name                " time="0.007">
    <skipped/>
    <system-out>&amp;#27;[1A    &amp;#27;[36mGiven &amp;#27;[0m&amp;#27;[36mthe user is on Fund Transfer Page&amp;#27;[0m                                                                &amp;#27;[90m# FundsTransferStepDefs.The_user_is_on_fund_transfer_page()&amp;#27;[0m
    &amp;#27;[90mWhen &amp;#27;[0m&amp;#27;[90mhe enters &quot;&amp;#27;[0m&amp;#27;[90m&amp;#27;[1mTim&amp;#27;[0m&amp;#27;[90m&quot; as payee name&amp;#27;[0m                                                                     &amp;#27;[90m# FundsTransferStepDefs.He_enters_payee_name(String)&amp;#27;[0m
</system-out>
  </testcase>
  <testcase classname="And he enters &quot;1000000&quot; as amount                 " name="And he enters &quot;1000000&quot; as amount                 " time="0.008">
    <skipped/>
    <system-out>&amp;#27;[1A    &amp;#27;[36mWhen &amp;#27;[0m&amp;#27;[36mhe enters &quot;&amp;#27;[0m&amp;#27;[36m&amp;#27;[1mTim&amp;#27;[0m&amp;#27;[36m&quot; as payee name&amp;#27;[0m                                                                     &amp;#27;[90m# FundsTransferStepDefs.He_enters_payee_name(String)&amp;#27;[0m
    &amp;#27;[90mAnd &amp;#27;[0m&amp;#27;[90mhe enters &quot;&amp;#27;[0m&amp;#27;[90m&amp;#27;[1m1000000&amp;#27;[0m&amp;#27;[90m&quot; as amount&amp;#27;[0m                                                                      &amp;#27;[90m# FundsTransferStepDefs.He_enters_amount(String)&amp;#27;[0m
</system-out>
  </testcase>
  <testcase classname="And he Submits request for Fund Transfer                  " name="And he Submits request for Fund Transfer                  " time="0.01">
    <skipped/>
    <system-out>&amp;#27;[1A    &amp;#27;[36mAnd &amp;#27;[0m&amp;#27;[36mhe enters &quot;&amp;#27;[0m&amp;#27;[36m&amp;#27;[1m1000000&amp;#27;[0m&amp;#27;[36m&quot; as amount&amp;#27;[0m                                                                      &amp;#27;[90m# FundsTransferStepDefs.He_enters_amount(String)&amp;#27;[0m
    &amp;#27;[90mAnd &amp;#27;[0m&amp;#27;[90mhe Submits request for Fund Transfer&amp;#27;[0m                                                               &amp;#27;[90m# FundsTransferStepDefs.He_submits_request_for_fund_transfer()&amp;#27;[0m
</system-out>
  </testcase>
  <testcase classname="Then ensure a transaction failure message &quot;Transfer failed!! account cannot be overdrawn&quot; is displayed                   " name="Then ensure a transaction failure message &quot;Transfer failed!! account cannot be overdrawn&quot; is displayed                   " time="0.012">
    <skipped/>
    <system-out>&amp;#27;[1A    &amp;#27;[36mAnd &amp;#27;[0m&amp;#27;[36mhe Submits request for Fund Transfer&amp;#27;[0m                                                               &amp;#27;[90m# FundsTransferStepDefs.He_submits_request_for_fund_transfer()&amp;#27;[0m
    &amp;#27;[90mThen &amp;#27;[0m&amp;#27;[90mensure a transaction failure message &quot;&amp;#27;[0m&amp;#27;[90m&amp;#27;[1mTransfer failed!! account cannot be overdrawn&amp;#27;[0m&amp;#27;[90m&quot; is displayed&amp;#27;[0m &amp;#27;[90m# FundsTransferStepDefs.Ensure_a_transaction_failure_message(String)&amp;#27;[0m
</system-out>
  </testcase>
  <testcase classname="Scenario: Account is overdrawn past the overdraft limit              " name="Scenario: Account is overdrawn past the overdraft limit              " time="0.014">
    <error type="java.lang.NullPointerException">java.lang.NullPointerException
	at fundstransfer.test.FundsTransferStepDefs.tearDown(FundsTransferStepDefs.java:55)
	at sun.reflect.NativeMethodAccessorImpl.invoke0(Native Method)
	at sun.reflect.NativeMethodAccessorImpl.invoke(Unknown Source)
	at sun.reflect.DelegatingMethodAccessorImpl.invoke(Unknown Source)
	at java.lang.reflect.Method.invoke(Unknown Source)
	at cucumber.runtime.Utils$1.call(Utils.java:40)
	at cucumber.runtime.Timeout.timeout(Timeout.java:12)
	at cucumber.runtime.Utils.invoke(Utils.java:36)
	at cucumber.runtime.java.JavaHookDefinition.execute(JavaHookDefinition.java:59)
	at cucumber.runtime.Runtime.runHookIfTagsMatch(Runtime.java:192)
	at cucumber.runtime.Runtime.runHooks(Runtime.java:184)
	at cucumber.runtime.Runtime.runAfterHooks(Runtime.java:179)
	at cucumber.runtime.model.CucumberScenario.run(CucumberScenario.java:38)
	at cucumber.junit.ExecutionUnitRunner.run(ExecutionUnitRunner.java:76)
	at cucumber.junit.FeatureRunner.runChild(FeatureRunner.java:65)
	at cucumber.junit.FeatureRunner.runChild(FeatureRunner.java:20)
	at org.junit.runners.ParentRunner$3.run(ParentRunner.java:231)
	at org.junit.runners.ParentRunner$1.schedule(ParentRunner.java:60)
	at org.junit.runners.ParentRunner.runChildren(ParentRunner.java:229)
	at org.junit.runners.ParentRunner.access$000(ParentRunner.java:50)
	at org.junit.runners.ParentRunner$2.evaluate(ParentRunner.java:222)
	at org.junit.runners.ParentRunner.run(ParentRunner.java:300)
	at cucumber.junit.FeatureRunner.run(FeatureRunner.java:72)
	at cucumber.junit.Cucumber.runChild(Cucumber.java:76)
	at cucumber.junit.Cucumber.runChild(Cucumber.java:36)
	at org.junit.runners.ParentRunner$3.run(ParentRunner.java:231)
	at org.junit.runners.ParentRunner$1.schedule(ParentRunner.java:60)
	at org.junit.runners.ParentRunner.runChildren(ParentRunner.java:229)
	at org.junit.runners.ParentRunner.access$000(ParentRunner.java:50)
	at org.junit.runners.ParentRunner$2.evaluate(ParentRunner.java:222)
	at org.junit.runners.ParentRunner.run(ParentRunner.java:300)
	at cucumber.junit.Cucumber.run(Cucumber.java:81)
	at org.apache.maven.surefire.junit4.JUnit4Provider.execute(JUnit4Provider.java:252)
	at org.apache.maven.surefire.junit4.JUnit4Provider.executeTestSet(JUnit4Provider.java:141)
	at org.apache.maven.surefire.junit4.JUnit4Provider.invoke(JUnit4Provider.java:112)
	at sun.reflect.NativeMethodAccessorImpl.invoke0(Native Method)
	at sun.reflect.NativeMethodAccessorImpl.invoke(Unknown Source)
	at sun.reflect.DelegatingMethodAccessorImpl.invoke(Unknown Source)
	at java.lang.reflect.Method.invoke(Unknown Source)
	at org.apache.maven.surefire.util.ReflectionUtils.invokeMethodWithArray(ReflectionUtils.java:189)
	at org.apache.maven.surefire.booter.ProviderFactory$ProviderProxy.invoke(ProviderFactory.java:165)
	at org.apache.maven.surefire.booter.ProviderFactory.invokeProvider(ProviderFactory.java:85)
	at org.apache.maven.surefire.booter.ForkedBooter.runSuitesInProcess(ForkedBooter.java:115)
	at org.apache.maven.surefire.booter.ForkedBooter.main(ForkedBooter.java:75)
</error>
    <system-out>&amp;#27;[1A    &amp;#27;[36mThen &amp;#27;[0m&amp;#27;[36mensure a transaction failure message &quot;&amp;#27;[0m&amp;#27;[36m&amp;#27;[1mTransfer failed!! account cannot be overdrawn&amp;#27;[0m&amp;#27;[36m&quot; is displayed&amp;#27;[0m &amp;#27;[90m# FundsTransferStepDefs.Ensure_a_transaction_failure_message(String)&amp;#27;[0m
</system-out>
  </testcase>
</testsuite>